<?xml version="1.0" encoding="UTF-8"?>
<!-- Generated by org.testng.reporters.JUnitReportReporter -->
<testsuite hostname="Maninders-Laptop.local" failures="0" tests="3" name="com.day10.TestNG_Part1.TriCombo" time="0.007" errors="0" timestamp="2023-07-26T20:24:53 EDT" skipped="0">
  <testcase classname="com.day10.TestNG_Part1.TriCombo" name="tc2" time="0.001"/>
  <testcase classname="com.day10.TestNG_Part1.TriCombo" name="tc1" time="0.005"/>
  <testcase classname="com.day10.TestNG_Part1.TriCombo" name="tc3" time="0.001"/>
</testsuite> <!-- com.day10.TestNG_Part1.TriCombo -->
