<?xml version="1.0" encoding="UTF-8"?>
<!-- Generated by org.testng.reporters.JUnitReportReporter -->
<testsuite hostname="Maninders-Laptop.local" failures="0" tests="3" name="com.day10.TestNG_Part1.Priorities_TestCases" time="0.005" errors="0" timestamp="2023-07-26T20:28:32 EDT" skipped="0">
  <testcase classname="com.day10.TestNG_Part1.Priorities_TestCases" name="tc1" time="0.002"/>
  <testcase classname="com.day10.TestNG_Part1.Priorities_TestCases" name="tc2" time="0.000"/>
  <testcase classname="com.day10.TestNG_Part1.Priorities_TestCases" name="tc3" time="0.003"/>
</testsuite> <!-- com.day10.TestNG_Part1.Priorities_TestCases -->
