<?xml version="1.0" encoding="UTF-8"?>
<!-- Generated by org.testng.reporters.JUnitReportReporter -->
<testsuite hostname="Maninders-Laptop.local" failures="0" tests="6" name="com.automation.homeassignments.July_23rd_Assignment" time="61.339" errors="0" timestamp="2023-07-27T00:01:20 EDT" skipped="0">
  <testcase classname="com.automation.homeassignments.July_23rd_Assignment" name="loginTestCSS1" time="10.915"/>
  <testcase classname="com.automation.homeassignments.July_23rd_Assignment" name="loginTestCSS2" time="8.037"/>
  <testcase classname="com.automation.homeassignments.July_23rd_Assignment" name="loginTestCSS3" time="9.851"/>
  <testcase classname="com.automation.homeassignments.July_23rd_Assignment" name="registerTestCSS1" time="12.108"/>
  <testcase classname="com.automation.homeassignments.July_23rd_Assignment" name="registerTestCSS2" time="9.730"/>
  <testcase classname="com.automation.homeassignments.July_23rd_Assignment" name="registerTestCSS3" time="10.698"/>
</testsuite> <!-- com.automation.homeassignments.July_23rd_Assignment -->
